<?xml version="1.0" encoding="UTF-8"?>
<!-- Generated by org.testng.reporters.JUnitReportReporter -->
<testsuite hostname="Juhi" failures="0" tests="2" name="com.Saucedemo.Testcases.VerifySaucedemoLogin" time="10.174" errors="0" timestamp="2024-09-25T23:15:23 IST" skipped="0">
  <testcase classname="com.Saucedemo.Testcases.VerifySaucedemoLogin" name="verifyValidLogin" time="0.333"/>
  <testcase classname="com.Saucedemo.Testcases.VerifySaucedemoLogin" name="verifyLogout" time="9.841"/>
</testsuite> <!-- com.Saucedemo.Testcases.VerifySaucedemoLogin -->
