<?xml version="1.0" encoding="UTF-8"?>
<!-- Generated by org.testng.reporters.JUnitReportReporter -->
<testsuite hostname="Juhi" failures="0" tests="1" name="com.Saucedemo.Testcases.VerifySaucedemoProductPage" time="0.497" errors="0" timestamp="2024-09-25T23:15:23 IST" skipped="0">
  <testcase classname="com.Saucedemo.Testcases.VerifySaucedemoProductPage" name="verifyProductPage" time="0.497"/>
</testsuite> <!-- com.Saucedemo.Testcases.VerifySaucedemoProductPage -->
